=== ⛔ ./demo/globals/iam/roles/alb-ingress-controller-role Error Occured ===

[0m[1mInitializing the backend...[0m
[31m[31m╷[0m[0m
[31m│[0m [0m[1m[31mError: [0m[0m[1mBackend configuration changed[0m
[31m│[0m [0m
[31m│[0m [0m[0mA change in the backend configuration has been detected, which may require
[31m│[0m [0mmigrating existing state.
[31m│[0m [0m
[31m│[0m [0mIf you wish to attempt automatic migration of the state, use "terraform
[31m│[0m [0minit -migrate-state".
[31m│[0m [0mIf you wish to store the current configuration with no changes to the
[31m│[0m [0mstate, use "terraform init -reconfigure".
[31m╵[0m[0m
[0m[0m
time=2023-02-17T09:51:58-06:00 level=error msg=Terraform invocation failed in /Users/geoffreyscarvell/github-effectual/devops-terraform-infrastructure/demo/globals/iam/roles/alb-ingress-controller-role prefix=[/Users/geoffreyscarvell/github-effectual/devops-terraform-infrastructure/demo/globals/iam/roles/alb-ingress-controller-role] 
time=2023-02-17T09:51:58-06:00 level=error msg=1 error occurred:
	* exit status 1


=== ⛔ ./demo/globals/iam/roles/k8-external-dns-role Error Occured ===

[0m[1mInitializing the backend...[0m
[31m[31m╷[0m[0m
[31m│[0m [0m[1m[31mError: [0m[0m[1mBackend configuration changed[0m
[31m│[0m [0m
[31m│[0m [0m[0mA change in the backend configuration has been detected, which may require
[31m│[0m [0mmigrating existing state.
[31m│[0m [0m
[31m│[0m [0mIf you wish to attempt automatic migration of the state, use "terraform
[31m│[0m [0minit -migrate-state".
[31m│[0m [0mIf you wish to store the current configuration with no changes to the
[31m│[0m [0mstate, use "terraform init -reconfigure".
[31m╵[0m[0m
[0m[0m
time=2023-02-17T09:51:59-06:00 level=error msg=Terraform invocation failed in /Users/geoffreyscarvell/github-effectual/devops-terraform-infrastructure/demo/globals/iam/roles/k8-external-dns-role prefix=[/Users/geoffreyscarvell/github-effectual/devops-terraform-infrastructure/demo/globals/iam/roles/k8-external-dns-role] 
time=2023-02-17T09:51:59-06:00 level=error msg=1 error occurred:
	* exit status 1


=== ⛔ ./demo/globals/iam/roles/k8-app-mesh-controller-role Error Occured ===

[0m[1mInitializing the backend...[0m
[31m[31m╷[0m[0m
[31m│[0m [0m[1m[31mError: [0m[0m[1mBackend configuration changed[0m
[31m│[0m [0m
[31m│[0m [0m[0mA change in the backend configuration has been detected, which may require
[31m│[0m [0mmigrating existing state.
[31m│[0m [0m
[31m│[0m [0mIf you wish to attempt automatic migration of the state, use "terraform
[31m│[0m [0minit -migrate-state".
[31m│[0m [0mIf you wish to store the current configuration with no changes to the
[31m│[0m [0mstate, use "terraform init -reconfigure".
[31m╵[0m[0m
[0m[0m
time=2023-02-17T09:51:59-06:00 level=error msg=Terraform invocation failed in /Users/geoffreyscarvell/github-effectual/devops-terraform-infrastructure/demo/globals/iam/roles/k8-app-mesh-controller-role prefix=[/Users/geoffreyscarvell/github-effectual/devops-terraform-infrastructure/demo/globals/iam/roles/k8-app-mesh-controller-role] 
time=2023-02-17T09:51:59-06:00 level=error msg=1 error occurred:
	* exit status 1


=== ⛔ ./demo/globals/iam/roles/k8-cert-manager-role Error Occured ===
[0m[1mInitializing modules...[0m

[0m[1mInitializing the backend...[0m
[31m[31m╷[0m[0m
[31m│[0m [0m[1m[31mError: [0m[0m[1mBackend configuration changed[0m
[31m│[0m [0m
[31m│[0m [0m[0mA change in the backend configuration has been detected, which may require
[31m│[0m [0mmigrating existing state.
[31m│[0m [0m
[31m│[0m [0mIf you wish to attempt automatic migration of the state, use "terraform
[31m│[0m [0minit -migrate-state".
[31m│[0m [0mIf you wish to store the current configuration with no changes to the
[31m│[0m [0mstate, use "terraform init -reconfigure".
[31m╵[0m[0m
[0m[0m
time=2023-02-17T09:52:00-06:00 level=error msg=Terraform invocation failed in /Users/geoffreyscarvell/github-effectual/devops-terraform-infrastructure/demo/globals/iam/roles/k8-cert-manager-role prefix=[/Users/geoffreyscarvell/github-effectual/devops-terraform-infrastructure/demo/globals/iam/roles/k8-cert-manager-role] 
time=2023-02-17T09:52:00-06:00 level=error msg=1 error occurred:
	* exit status 1


=== 🚧 ./demo/globals/route53 Drift Detected ===
[0m[1mdata.terraform_remote_state.vpc: Reading...[0m[0m
[0m[1mdata.terraform_remote_state.vpc: Read complete after 0s[0m
[0m[1mmodule.records.data.aws_route53_zone.this[0]: Reading...[0m[0m
[0m[1mmodule.records.data.aws_route53_zone.this[0]: Read complete after 1s [id=Z02508202FLLB6FG0WHJW][0m

Terraform used the selected providers to generate the following execution
plan. Resource actions are indicated with the following symbols:
  [32m+[0m create
[0m
Terraform will perform the following actions:

[1m  # module.records.aws_route53_record.this[" A"][0m will be created[0m[0m
[0m  [32m+[0m[0m resource "aws_route53_record" "this" {
      [32m+[0m [0m[1m[0mallow_overwrite[0m[0m = false
      [32m+[0m [0m[1m[0mfqdn[0m[0m            = (known after apply)
      [32m+[0m [0m[1m[0mid[0m[0m              = (known after apply)
      [32m+[0m [0m[1m[0mname[0m[0m            = "geoff1-example.com"
      [32m+[0m [0m[1m[0mrecords[0m[0m         = [
          [32m+[0m [0m"10.10.10.10",
        ]
      [32m+[0m [0m[1m[0mttl[0m[0m             = 3600
      [32m+[0m [0m[1m[0mtype[0m[0m            = "A"
      [32m+[0m [0m[1m[0mzone_id[0m[0m         = "Z02508202FLLB6FG0WHJW"
    }

[0m[1mPlan:[0m 1 to add, 0 to change, 0 to destroy.
[0m[0m
[1mChanges to Outputs:[0m[0m
  [32m+[0m [0m[1m[0mroute53_record_fqdn[0m[0m = {
      [32m+[0m [0m" A" = (known after apply)
    }
  [32m+[0m [0m[1m[0mroute53_record_name[0m[0m = {
      [32m+[0m [0m" A" = "geoff1-example.com"
    }
[90m
─────────────────────────────────────────────────────────────────────────────[0m

Note: You didn't use the -out option to save this plan, so Terraform can't
guarantee to take exactly these actions if you run "terraform apply" now.
time=2023-02-17T09:52:05-06:00 level=error msg=Terraform invocation failed in /Users/geoffreyscarvell/github-effectual/devops-terraform-infrastructure/demo/globals/route53
time=2023-02-17T09:52:05-06:00 level=error msg=1 error occurred:
	* exit status 2


=== ⛔ ./demo/use1/data-storage/postgres Error Occured ===
[31m╷[0m[0m
[31m│[0m [0m[1m[31mError: [0m[0m[1mUnsupported argument[0m
[31m│[0m [0m
[31m│[0m [0m[0m  on main.tf line 122, in module "db_default":
[31m│[0m [0m 122:   [4midentifier[0m = "${local.name}-default"[0m
[31m│[0m [0m
[31m│[0m [0mAn argument named "identifier" is not expected here.
[31m╵[0m[0m
[31m╷[0m[0m
[31m│[0m [0m[1m[31mError: [0m[0m[1mUnsupported argument[0m
[31m│[0m [0m
[31m│[0m [0m[0m  on main.tf line 124, in module "db_default":
[31m│[0m [0m 124:   [4mcreate_db_option_group[0m    = false[0m
[31m│[0m [0m
[31m│[0m [0mAn argument named "create_db_option_group" is not expected here.
[31m╵[0m[0m
[31m╷[0m[0m
[31m│[0m [0m[1m[31mError: [0m[0m[1mUnsupported argument[0m
[31m│[0m [0m
[31m│[0m [0m[0m  on main.tf line 125, in module "db_default":
[31m│[0m [0m 125:   [4mcreate_db_parameter_group[0m = false[0m
[31m│[0m [0m
[31m│[0m [0mAn argument named "create_db_parameter_group" is not expected here.
[31m╵[0m[0m
[31m╷[0m[0m
[31m│[0m [0m[1m[31mError: [0m[0m[1mUnsupported argument[0m
[31m│[0m [0m
[31m│[0m [0m[0m  on main.tf line 128, in module "db_default":
[31m│[0m [0m 128:   [4mengine[0m               = "postgres"[0m
[31m│[0m [0m
[31m│[0m [0mAn argument named "engine" is not expected here.
[31m╵[0m[0m
[31m╷[0m[0m
[31m│[0m [0m[1m[31mError: [0m[0m[1mUnsupported argument[0m
[31m│[0m [0m
[31m│[0m [0m[0m  on main.tf line 129, in module "db_default":
[31m│[0m [0m 129:   [4mengine_version[0m       = "14.3"[0m
[31m│[0m [0m
[31m│[0m [0mAn argument named "engine_version" is not expected here.
[31m╵[0m[0m
[31m╷[0m[0m
[31m│[0m [0m[1m[31mError: [0m[0m[1mUnsupported argument[0m
[31m│[0m [0m
[31m│[0m [0m[0m  on main.tf line 130, in module "db_default":
[31m│[0m [0m 130:   [4mfamily[0m               = "postgres14" # DB parameter group[0m
[31m│[0m [0m
[31m│[0m [0mAn argument named "family" is not expected here.
[31m╵[0m[0m
[31m╷[0m[0m
[31m│[0m [0m[1m[31mError: [0m[0m[1mUnsupported argument[0m
[31m│[0m [0m
[31m│[0m [0m[0m  on main.tf line 131, in module "db_default":
[31m│[0m [0m 131:   [4mmajor_engine_version[0m = "14.3"       # DB option group[0m
[31m│[0m [0m
[31m│[0m [0mAn argument named "major_engine_version" is not expected here.
[31m╵[0m[0m
[31m╷[0m[0m
[31m│[0m [0m[1m[31mError: [0m[0m[1mUnsupported argument[0m
[31m│[0m [0m
[31m│[0m [0m[0m  on main.tf line 132, in module "db_default":
[31m│[0m [0m 132:   [4minstance_class[0m       = "db.t3.large"[0m
[31m│[0m [0m
[31m│[0m [0mAn argument named "instance_class" is not expected here.
[31m╵[0m[0m
[31m╷[0m[0m
[31m│[0m [0m[1m[31mError: [0m[0m[1mUnsupported argument[0m
[31m│[0m [0m
[31m│[0m [0m[0m  on main.tf line 134, in module "db_default":
[31m│[0m [0m 134:   [4mallocated_storage[0m = 20[0m
[31m│[0m [0m
[31m│[0m [0mAn argument named "allocated_storage" is not expected here.
[31m╵[0m[0m
[31m╷[0m[0m
[31m│[0m [0m[1m[31mError: [0m[0m[1mUnsupported argument[0m
[31m│[0m [0m
[31m│[0m [0m[0m  on main.tf line 139, in module "db_default":
[31m│[0m [0m 139:   [4mname[0m                   = "completePostgresql"[0m
[31m│[0m [0m
[31m│[0m [0mAn argument named "name" is not expected here.
[31m╵[0m[0m
[31m╷[0m[0m
[31m│[0m [0m[1m[31mError: [0m[0m[1mUnsupported argument[0m
[31m│[0m [0m
[31m│[0m [0m[0m  on main.tf line 140, in module "db_default":
[31m│[0m [0m 140:   [4musername[0m               = "complete_postgresql"[0m
[31m│[0m [0m
[31m│[0m [0mAn argument named "username" is not expected here.
[31m╵[0m[0m
[31m╷[0m[0m
[31m│[0m [0m[1m[31mError: [0m[0m[1mUnsupported argument[0m
[31m│[0m [0m
[31m│[0m [0m[0m  on main.tf line 141, in module "db_default":
[31m│[0m [0m 141:   [4mcreate_random_password[0m = true[0m
[31m│[0m [0m
[31m│[0m [0mAn argument named "create_random_password" is not expected here.
[31m╵[0m[0m
[31m╷[0m[0m
[31m│[0m [0m[1m[31mError: [0m[0m[1mUnsupported argument[0m
[31m│[0m [0m
[31m│[0m [0m[0m  on main.tf line 142, in module "db_default":
[31m│[0m [0m 142:   [4mrandom_password_length[0m = 12[0m
[31m│[0m [0m
[31m│[0m [0mAn argument named "random_password_length" is not expected here.
[31m╵[0m[0m
[31m╷[0m[0m
[31m│[0m [0m[1m[31mError: [0m[0m[1mUnsupported argument[0m
[31m│[0m [0m
[31m│[0m [0m[0m  on main.tf line 143, in module "db_default":
[31m│[0m [0m 143:   [4mport[0m                   = 5432[0m
[31m│[0m [0m
[31m│[0m [0mAn argument named "port" is not expected here.
[31m╵[0m[0m
[31m╷[0m[0m
[31m│[0m [0m[1m[31mError: [0m[0m[1mUnsupported argument[0m
[31m│[0m [0m
[31m│[0m [0m[0m  on main.tf line 145, in module "db_default":
[31m│[0m [0m 145:   [4msubnet_ids[0m             = data.terraform_remote_state.vpc.outputs.aws_subnets_private[0m
[31m│[0m [0m
[31m│[0m [0mAn argument named "subnet_ids" is not expected here.
[31m╵[0m[0m
[31m╷[0m[0m
[31m│[0m [0m[1m[31mError: [0m[0m[1mUnsupported argument[0m
[31m│[0m [0m
[31m│[0m [0m[0m  on main.tf line 146, in module "db_default":
[31m│[0m [0m 146:   [4mvpc_security_group_ids[0m = [module.security_group.security_group_id][0m
[31m│[0m [0m
[31m│[0m [0mAn argument named "vpc_security_group_ids" is not expected here.
[31m╵[0m[0m
[31m╷[0m[0m
[31m│[0m [0m[1m[31mError: [0m[0m[1mUnsupported argument[0m
[31m│[0m [0m
[31m│[0m [0m[0m  on main.tf line 148, in module "db_default":
[31m│[0m [0m 148:   [4mmaintenance_window[0m = "Mon:00:00-Mon:03:00"[0m
[31m│[0m [0m
[31m│[0m [0mAn argument named "maintenance_window" is not expected here.
[31m╵[0m[0m
[31m╷[0m[0m
[31m│[0m [0m[1m[31mError: [0m[0m[1mUnsupported argument[0m
[31m│[0m [0m
[31m│[0m [0m[0m  on main.tf line 149, in module "db_default":
[31m│[0m [0m 149:   [4mbackup_window[0m      = "03:00-06:00"[0m
[31m│[0m [0m
[31m│[0m [0mAn argument named "backup_window" is not expected here.
[31m╵[0m[0m
[31m╷[0m[0m
[31m│[0m [0m[1m[31mError: [0m[0m[1mUnsupported argument[0m
[31m│[0m [0m
[31m│[0m [0m[0m  on main.tf line 151, in module "db_default":
[31m│[0m [0m 151:   [4mbackup_retention_period[0m = 0[0m
[31m│[0m [0m
[31m│[0m [0mAn argument named "backup_retention_period" is not expected here.
[31m╵[0m[0m
[31m╷[0m[0m
[31m│[0m [0m[1m[31mError: [0m[0m[1mUnsupported argument[0m
[31m│[0m [0m
[31m│[0m [0m[0m  on main.tf line 153, in module "db_default":
[31m│[0m [0m 153:   [4mtags[0m = local.tags[0m
[31m│[0m [0m
[31m│[0m [0mAn argument named "tags" is not expected here.
[31m╵[0m[0m
time=2023-02-17T09:52:09-06:00 level=error msg=Terraform invocation failed in /Users/geoffreyscarvell/github-effectual/devops-terraform-infrastructure/demo/use1/data-storage/postgres
time=2023-02-17T09:52:09-06:00 level=error msg=1 error occurred:
	* exit status 1


=== ⛔ ./demo/globals/iam/roles/alb-ingress-controller-role Error Occured ===

[0m[1mInitializing the backend...[0m
[31m[31m╷[0m[0m
[31m│[0m [0m[1m[31mError: [0m[0m[1mBackend configuration changed[0m
[31m│[0m [0m
[31m│[0m [0m[0mA change in the backend configuration has been detected, which may require
[31m│[0m [0mmigrating existing state.
[31m│[0m [0m
[31m│[0m [0mIf you wish to attempt automatic migration of the state, use "terraform
[31m│[0m [0minit -migrate-state".
[31m│[0m [0mIf you wish to store the current configuration with no changes to the
[31m│[0m [0mstate, use "terraform init -reconfigure".
[31m╵[0m[0m
[0m[0m
time=2023-02-17T10:12:02-06:00 level=error msg=Terraform invocation failed in /Users/geoffreyscarvell/demo/devops-terraform-infrastructure/demo/globals/iam/roles/alb-ingress-controller-role prefix=[/Users/geoffreyscarvell/demo/devops-terraform-infrastructure/demo/globals/iam/roles/alb-ingress-controller-role] 
time=2023-02-17T10:12:02-06:00 level=error msg=1 error occurred:
	* exit status 1


=== ⛔ ./demo/globals/iam/roles/k8-external-dns-role Error Occured ===

[0m[1mInitializing the backend...[0m
[31m[31m╷[0m[0m
[31m│[0m [0m[1m[31mError: [0m[0m[1mBackend configuration changed[0m
[31m│[0m [0m
[31m│[0m [0m[0mA change in the backend configuration has been detected, which may require
[31m│[0m [0mmigrating existing state.
[31m│[0m [0m
[31m│[0m [0mIf you wish to attempt automatic migration of the state, use "terraform
[31m│[0m [0minit -migrate-state".
[31m│[0m [0mIf you wish to store the current configuration with no changes to the
[31m│[0m [0mstate, use "terraform init -reconfigure".
[31m╵[0m[0m
[0m[0m
time=2023-02-17T10:12:02-06:00 level=error msg=Terraform invocation failed in /Users/geoffreyscarvell/demo/devops-terraform-infrastructure/demo/globals/iam/roles/k8-external-dns-role prefix=[/Users/geoffreyscarvell/demo/devops-terraform-infrastructure/demo/globals/iam/roles/k8-external-dns-role] 
time=2023-02-17T10:12:02-06:00 level=error msg=1 error occurred:
	* exit status 1


=== ⛔ ./demo/globals/iam/roles/k8-app-mesh-controller-role Error Occured ===

[0m[1mInitializing the backend...[0m
[31m[31m╷[0m[0m
[31m│[0m [0m[1m[31mError: [0m[0m[1mBackend configuration changed[0m
[31m│[0m [0m
[31m│[0m [0m[0mA change in the backend configuration has been detected, which may require
[31m│[0m [0mmigrating existing state.
[31m│[0m [0m
[31m│[0m [0mIf you wish to attempt automatic migration of the state, use "terraform
[31m│[0m [0minit -migrate-state".
[31m│[0m [0mIf you wish to store the current configuration with no changes to the
[31m│[0m [0mstate, use "terraform init -reconfigure".
[31m╵[0m[0m
[0m[0m
time=2023-02-17T10:12:03-06:00 level=error msg=Terraform invocation failed in /Users/geoffreyscarvell/demo/devops-terraform-infrastructure/demo/globals/iam/roles/k8-app-mesh-controller-role prefix=[/Users/geoffreyscarvell/demo/devops-terraform-infrastructure/demo/globals/iam/roles/k8-app-mesh-controller-role] 
time=2023-02-17T10:12:03-06:00 level=error msg=1 error occurred:
	* exit status 1


=== ⛔ ./demo/globals/iam/roles/k8-cert-manager-role Error Occured ===
[0m[1mInitializing modules...[0m

[0m[1mInitializing the backend...[0m
[31m[31m╷[0m[0m
[31m│[0m [0m[1m[31mError: [0m[0m[1mBackend configuration changed[0m
[31m│[0m [0m
[31m│[0m [0m[0mA change in the backend configuration has been detected, which may require
[31m│[0m [0mmigrating existing state.
[31m│[0m [0m
[31m│[0m [0mIf you wish to attempt automatic migration of the state, use "terraform
[31m│[0m [0minit -migrate-state".
[31m│[0m [0mIf you wish to store the current configuration with no changes to the
[31m│[0m [0mstate, use "terraform init -reconfigure".
[31m╵[0m[0m
[0m[0m
time=2023-02-17T10:12:03-06:00 level=error msg=Terraform invocation failed in /Users/geoffreyscarvell/demo/devops-terraform-infrastructure/demo/globals/iam/roles/k8-cert-manager-role prefix=[/Users/geoffreyscarvell/demo/devops-terraform-infrastructure/demo/globals/iam/roles/k8-cert-manager-role] 
time=2023-02-17T10:12:03-06:00 level=error msg=1 error occurred:
	* exit status 1


=== 🚧 ./demo/globals/route53 Drift Detected ===
[0m[1mdata.terraform_remote_state.vpc: Reading...[0m[0m
[0m[1mdata.terraform_remote_state.vpc: Read complete after 1s[0m
[0m[1mmodule.records.data.aws_route53_zone.this[0]: Reading...[0m[0m
[0m[1mmodule.records.data.aws_route53_zone.this[0]: Read complete after 1s [id=Z02508202FLLB6FG0WHJW][0m

Terraform used the selected providers to generate the following execution
plan. Resource actions are indicated with the following symbols:
  [32m+[0m create
[0m
Terraform will perform the following actions:

[1m  # module.records.aws_route53_record.this[" A"][0m will be created[0m[0m
[0m  [32m+[0m[0m resource "aws_route53_record" "this" {
      [32m+[0m [0m[1m[0mallow_overwrite[0m[0m = false
      [32m+[0m [0m[1m[0mfqdn[0m[0m            = (known after apply)
      [32m+[0m [0m[1m[0mid[0m[0m              = (known after apply)
      [32m+[0m [0m[1m[0mname[0m[0m            = "geoff1-example.com"
      [32m+[0m [0m[1m[0mrecords[0m[0m         = [
          [32m+[0m [0m"10.10.10.10",
        ]
      [32m+[0m [0m[1m[0mttl[0m[0m             = 3600
      [32m+[0m [0m[1m[0mtype[0m[0m            = "A"
      [32m+[0m [0m[1m[0mzone_id[0m[0m         = "Z02508202FLLB6FG0WHJW"
    }

[0m[1mPlan:[0m 1 to add, 0 to change, 0 to destroy.
[0m[0m
[1mChanges to Outputs:[0m[0m
  [32m+[0m [0m[1m[0mroute53_record_fqdn[0m[0m = {
      [32m+[0m [0m" A" = (known after apply)
    }
  [32m+[0m [0m[1m[0mroute53_record_name[0m[0m = {
      [32m+[0m [0m" A" = "geoff1-example.com"
    }
[90m
─────────────────────────────────────────────────────────────────────────────[0m

Note: You didn't use the -out option to save this plan, so Terraform can't
guarantee to take exactly these actions if you run "terraform apply" now.
time=2023-02-17T10:12:08-06:00 level=error msg=Terraform invocation failed in /Users/geoffreyscarvell/demo/devops-terraform-infrastructure/demo/globals/route53
time=2023-02-17T10:12:08-06:00 level=error msg=1 error occurred:
	* exit status 2


